1      0000  LD HL,7FFFH     FF 11111111  FF FF FF FF 7F FF FFFF FFFF FFFF FF 11111111  FF FF FF FF FF FF
2      0003  LD A,3FH        3F 11111111  FF FF FF FF 7F FF FFFF FFFF FFFF FF 11111111  FF FF FF FF FF FF
3      0005  JP 0261H        3F 11111111  FF FF FF FF 7F FF FFFF FFFF FFFF FF 11111111  FF FF FF FF FF FF
4      0261  LD (HL),01H     3F 11111111  FF FF FF FF 7F FF FFFF FFFF FFFF FF 11111111  FF FF FF FF FF FF
5      0263  DEC HL          3F 11111111  FF FF FF FF 7F FE FFFF FFFF FFFF FF 11111111  FF FF FF FF FF FF
6      0264  CP H            3F 10101011  FF FF FF FF 7F FE FFFF FFFF FFFF FF 11111111  FF FF FF FF FF FF
7      0265  JR NZ,$-04H     3F 10101011  FF FF FF FF 7F FE FFFF FFFF FFFF FF 11111111  FF FF FF FF FF FF
8      0261  LD (HL),01H     3F 10101011  FF FF FF FF 7F FE FFFF FFFF FFFF FF 11111111  FF FF FF FF FF FF
9      0263  DEC HL          3F 10101011  FF FF FF FF 7F FD FFFF FFFF FFFF FF 11111111  FF FF FF FF FF FF
10     0264  CP H            3F 10101011  FF FF FF FF 7F FD FFFF FFFF FFFF FF 11111111  FF FF FF FF FF FF
11     0265  JR NZ,$-04H     3F 10101011  FF FF FF FF 7F FD FFFF FFFF FFFF FF 11111111  FF FF FF FF FF FF
12     0261  LD (HL),01H     3F 10101011  FF FF FF FF 7F FD FFFF FFFF FFFF FF 11111111  FF FF FF FF FF FF
13     0263  DEC HL          3F 10101011  FF FF FF FF 7F FC FFFF FFFF FFFF FF 11111111  FF FF FF FF FF FF
14     0264  CP H            3F 10101011  FF FF FF FF 7F FC FFFF FFFF FFFF FF 11111111  FF FF FF FF FF FF
15     0265  JR NZ,$-04H     3F 10101011  FF FF FF FF 7F FC FFFF FFFF FFFF FF 11111111  FF FF FF FF FF FF
16     0261  LD (HL),01H     3F 10101011  FF FF FF FF 7F FC FFFF FFFF FFFF FF 11111111  FF FF FF FF FF FF
17     0263  DEC HL          3F 10101011  FF FF FF FF 7F FB FFFF FFFF FFFF FF 11111111  FF FF FF FF FF FF
18     0264  CP H            3F 10101011  FF FF FF FF 7F FB FFFF FFFF FFFF FF 11111111  FF FF FF FF FF FF
19     0265  JR NZ,$-04H     3F 10101011  FF FF FF FF 7F FB FFFF FFFF FFFF FF 11111111  FF FF FF FF FF FF
20     0261  LD (HL),01H     3F 10101011  FF FF FF FF 7F FB FFFF FFFF FFFF FF 11111111  FF FF FF FF FF FF
21     0263  DEC HL          3F 10101011  FF FF FF FF 7F FA FFFF FFFF FFFF FF 11111111  FF FF FF FF FF FF
22     0264  CP H            3F 10101011  FF FF FF FF 7F FA FFFF FFFF FFFF FF 11111111  FF FF FF FF FF FF
23     0265  JR NZ,$-04H     3F 10101011  FF FF FF FF 7F FA FFFF FFFF FFFF FF 11111111  FF FF FF FF FF FF
24     0261  LD (HL),01H     3F 10101011  FF FF FF FF 7F FA FFFF FFFF FFFF FF 11111111  FF FF FF FF FF FF
25     0263  DEC HL          3F 10101011  FF FF FF FF 7F F9 FFFF FFFF FFFF FF 11111111  FF FF FF FF FF FF
26     0264  CP H            3F 10101011  FF FF FF FF 7F F9 FFFF FFFF FFFF FF 11111111  FF FF FF FF FF FF
27     0265  JR NZ,$-04H     3F 10101011  FF FF FF FF 7F F9 FFFF FFFF FFFF FF 11111111  FF FF FF FF FF FF
28     0261  LD (HL),01H     3F 10101011  FF FF FF FF 7F F9 FFFF FFFF FFFF FF 11111111  FF FF FF FF FF FF
29     0263  DEC HL          3F 10101011  FF FF FF FF 7F F8 FFFF FFFF FFFF FF 11111111  FF FF FF FF FF FF
30     0264  CP H            3F 10101011  FF FF FF FF 7F F8 FFFF FFFF FFFF FF 11111111  FF FF FF FF FF FF
31     0265  JR NZ,$-04H     3F 10101011  FF FF FF FF 7F F8 FFFF FFFF FFFF FF 11111111  FF FF FF FF FF FF
32     0261  LD (HL),01H     3F 10101011  FF FF FF FF 7F F8 FFFF FFFF FFFF FF 11111111  FF FF FF FF FF FF
33     0263  DEC HL          3F 10101011  FF FF FF FF 7F F7 FFFF FFFF FFFF FF 11111111  FF FF FF FF FF FF
34     0264  CP H            3F 10101011  FF FF FF FF 7F F7 FFFF FFFF FFFF FF 11111111  FF FF FF FF FF FF
35     0265  JR NZ,$-04H     3F 10101011  FF FF FF FF 7F F7 FFFF FFFF FFFF FF 11111111  FF FF FF FF FF FF
36     0261  LD (HL),01H     3F 10101011  FF FF FF FF 7F F7 FFFF FFFF FFFF FF 11111111  FF FF FF FF FF FF
37     0263  DEC HL          3F 10101011  FF FF FF FF 7F F6 FFFF FFFF FFFF FF 11111111  FF FF FF FF FF FF
38     0264  CP H            3F 10101011  FF FF FF FF 7F F6 FFFF FFFF FFFF FF 11111111  FF FF FF FF FF FF
39     0265  JR NZ,$-04H     3F 10101011  FF FF FF FF 7F F6 FFFF FFFF FFFF FF 11111111  FF FF FF FF FF FF
40     0261  LD (HL),01H     3F 10101011  FF FF FF FF 7F F6 FFFF FFFF FFFF FF 11111111  FF FF FF FF FF FF
41     0263  DEC HL          3F 10101011  FF FF FF FF 7F F5 FFFF FFFF FFFF FF 11111111  FF FF FF FF FF FF
42     0264  CP H            3F 10101011  FF FF FF FF 7F F5 FFFF FFFF FFFF FF 11111111  FF FF FF FF FF FF
43     0265  JR NZ,$-04H     3F 10101011  FF FF FF FF 7F F5 FFFF FFFF FFFF FF 11111111  FF FF FF FF FF FF
44     0261  LD (HL),01H     3F 10101011  FF FF FF FF 7F F5 FFFF FFFF FFFF FF 11111111  FF FF FF FF FF FF
45     0263  DEC HL          3F 10101011  FF FF FF FF 7F F4 FFFF FFFF FFFF FF 11111111  FF FF FF FF FF FF
46     0264  CP H            3F 10101011  FF FF FF FF 7F F4 FFFF FFFF FFFF FF 11111111  FF FF FF FF FF FF
47     0265  JR NZ,$-04H     3F 10101011  FF FF FF FF 7F F4 FFFF FFFF FFFF FF 11111111  FF FF FF FF FF FF
48     0261  LD (HL),01H     3F 10101011  FF FF FF FF 7F F4 FFFF FFFF FFFF FF 11111111  FF FF FF FF FF FF
49     0263  DEC HL          3F 10101011  FF FF FF FF 7F F3 FFFF FFFF FFFF FF 11111111  FF FF FF FF FF FF
50     0264  CP H            3F 10101011  FF FF FF FF 7F F3 FFFF FFFF FFFF FF 11111111  FF FF FF FF FF FF
51     0265  JR NZ,$-04H     3F 10101011  FF FF FF FF 7F F3 FFFF FFFF FFFF FF 11111111  FF FF FF FF FF FF
52     0261  LD (HL),01H     3F 10101011  FF FF FF FF 7F F3 FFFF FFFF FFFF FF 11111111  FF FF FF FF FF FF
53     0263  DEC HL          3F 10101011  FF FF FF FF 7F F2 FFFF FFFF FFFF FF 11111111  FF FF FF FF FF FF
54     0264  CP H            3F 10101011  FF FF FF FF 7F F2 FFFF FFFF FFFF FF 11111111  FF FF FF FF FF FF
55     0265  JR NZ,$-04H     3F 10101011  FF FF FF FF 7F F2 FFFF FFFF FFFF FF 11111111  FF FF FF FF FF FF
56     0261  LD (HL),01H     3F 10101011  FF FF FF FF 7F F2 FFFF FFFF FFFF FF 11111111  FF FF FF FF FF FF
57     0263  DEC HL          3F 10101011  FF FF FF FF 7F F1 FFFF FFFF FFFF FF 11111111  FF FF FF FF FF FF
58     0264  CP H            3F 10101011  FF FF FF FF 7F F1 FFFF FFFF FFFF FF 11111111  FF FF FF FF FF FF
59     0265  JR NZ,$-04H     3F 10101011  FF FF FF FF 7F F1 FFFF FFFF FFFF FF 11111111  FF FF FF FF FF FF
60     0261  LD (HL),01H     3F 10101011  FF FF FF FF 7F F1 FFFF FFFF FFFF FF 11111111  FF FF FF FF FF FF
